<?xml version="1.0" encoding="UTF-8"?>
<!-- Generated by org.testng.reporters.JUnitReportReporter -->
<testsuite hostname="Subs-Machine" failures="0" tests="3" name="phptravels.HomePageTest" time="35.347" errors="0" timestamp="2022-05-11T09:31:15 IST" skipped="0">
  <testcase classname="phptravels.HomePageTest" name="signUpTest" time="19.637"/>
  <system-out/>
  <testcase classname="phptravels.HomePageTest" name="loginTest" time="8.211"/>
  <system-out/>
  <testcase classname="phptravels.HomePageTest" name="dashboardTest" time="7.499"/>
  <system-out/>
</testsuite> <!-- phptravels.HomePageTest -->
