<?xml version="1.0" encoding="UTF-8"?>
<!-- Generated by org.testng.reporters.JUnitReportReporter -->
<testsuite hostname="Subs-Machine" failures="0" tests="1" name="test.TestNgBasisc" time="12.307" errors="0" timestamp="2022-05-07T11:21:21 IST" skipped="0">
  <testcase classname="test.TestNgBasisc" name="verifyPageTitleTest" time="12.307"/>
  <system-out/>
</testsuite> <!-- test.TestNgBasisc -->
