<?xml version="1.0" encoding="UTF-8"?>
<!-- Generated by org.testng.reporters.JUnitReportReporter -->
<testsuite hostname="Subs-Machine" failures="0" tests="1" name="phptravels.FlightBookingTest" time="21.762" errors="0" timestamp="2022-05-11T22:49:55 IST" skipped="0">
  <testcase classname="phptravels.FlightBookingTest" name="seachFlightTest" time="21.762"/>
  <system-out/>
</testsuite> <!-- phptravels.FlightBookingTest -->
