<?xml version="1.0" encoding="UTF-8"?>
<!-- Generated by org.testng.reporters.JUnitReportReporter -->
<testsuite hostname="Subs-Machine" failures="0" tests="2" name="booking.PetBookingE2E" time="3.983" errors="0" timestamp="2022-05-08T07:22:13 IST" skipped="0">
  <testcase classname="booking.PetBookingE2E" name="makeAppointmentTest" time="1.277"/>
  <system-out/>
  <testcase classname="booking.PetBookingE2E" name="loginTest" time="2.706"/>
  <system-out/>
</testsuite> <!-- booking.PetBookingE2E -->
