<?xml version="1.0" encoding="UTF-8"?>
<!-- Generated by org.testng.reporters.JUnitReportReporter -->
<testsuite hostname="Subs-Machine" failures="0" tests="1" name="phptravels.FlightBookingTest" time="18.508" errors="0" timestamp="2022-05-11T09:33:07 IST" skipped="0">
  <testcase classname="phptravels.FlightBookingTest" name="seachFlightTest" time="18.508"/>
  <system-out/>
</testsuite> <!-- phptravels.FlightBookingTest -->
