<?xml version="1.0" encoding="UTF-8"?>
<!-- Generated by org.testng.reporters.JUnitReportReporter -->
<testsuite hostname="Subs-Machine" failures="0" tests="3" name="jiomart.HomePageTest" time="12.682" errors="0" timestamp="2022-05-16T00:01:18 IST" skipped="2">
  <testcase classname="jiomart.HomePageTest" name="addFruitsToCart" time="12.682"/>
  <system-out/>
  <testcase classname="jiomart.HomePageTest" name="addAttaFromGroceries">
    <skipped/>
  </testcase> <!-- addAttaFromGroceries -->
  <system-out/>
  <testcase classname="jiomart.HomePageTest" name="changeDeliverAddressTest">
    <skipped/>
  </testcase> <!-- changeDeliverAddressTest -->
  <system-out/>
</testsuite> <!-- jiomart.HomePageTest -->
