<?xml version="1.0" encoding="UTF-8"?>
<!-- Generated by org.testng.reporters.JUnitReportReporter -->
<testsuite hostname="Subs-Machine" failures="0" tests="2" name="test.TestNgBasisc" time="12.305" errors="0" timestamp="2022-05-07T21:01:28 IST" skipped="0">
  <testcase classname="test.TestNgBasisc" name="verifyPageTitleTest" time="5.250"/>
  <system-out/>
  <testcase classname="test.TestNgBasisc" name="verifyLogovisibilityTest" time="7.055"/>
  <system-out/>
</testsuite> <!-- test.TestNgBasisc -->
