<?xml version="1.0" encoding="UTF-8"?>
<!-- Generated by org.testng.reporters.JUnitReportReporter -->
<testsuite hostname="Subs-Machine" failures="0" tests="3" name="phptravels.HomePageTest" time="49.281" errors="0" timestamp="2022-05-09T07:56:01 IST" skipped="0">
  <testcase classname="phptravels.HomePageTest" name="dashboardTest" time="12.120"/>
  <system-out/>
  <testcase classname="phptravels.HomePageTest" name="signUpTest" time="23.201"/>
  <system-out/>
  <testcase classname="phptravels.HomePageTest" name="loginTest" time="13.960"/>
  <system-out/>
</testsuite> <!-- phptravels.HomePageTest -->
